[2016-09-01 01:21:31.268 GMT    12	INFO   	100000	AssemblyLoader.Client	]	Recursively searching for assemblies in D:\Documents\BitBucket\Vylon.Achievements\Orleans\Silo\bin\Debug...	
[2016-09-01 01:21:31.300 GMT    12	INFO   	100000	AssemblyLoader.Client	]	User assembly ignored: D:\Documents\BitBucket\Vylon.Achievements\Orleans\Silo\bin\Debug\HelloWorld.Grains.dll
	* Assembly contains no types assignable from Orleans.Providers.IProvider.	
[2016-09-01 01:21:31.303 GMT    12	INFO   	100000	AssemblyLoader.Client	]	User assembly ignored: D:\Documents\BitBucket\Vylon.Achievements\Orleans\Silo\bin\Debug\HelloWorld.Interfaces.dll
	* Assembly contains no types assignable from Orleans.Providers.IProvider.	
[2016-09-01 01:21:31.559 GMT    12	INFO   	100000	AssemblyLoader.Client	]	User assembly ignored: D:\Documents\BitBucket\Vylon.Achievements\Orleans\Silo\bin\Debug\Microsoft.CodeAnalysis.CSharp.dll
	* Assembly contains no types assignable from Orleans.Providers.IProvider.	
[2016-09-01 01:21:31.667 GMT    12	INFO   	100000	AssemblyLoader.Client	]	User assembly ignored: D:\Documents\BitBucket\Vylon.Achievements\Orleans\Silo\bin\Debug\Microsoft.CodeAnalysis.dll
	* Assembly contains no types assignable from Orleans.Providers.IProvider.	
[2016-09-01 01:21:31.670 GMT    12	INFO   	100000	AssemblyLoader.Client	]	User assembly ignored: D:\Documents\BitBucket\Vylon.Achievements\Orleans\Silo\bin\Debug\Microsoft.Extensions.DependencyInjection.Abstractions.dll
	* Assembly contains no types assignable from Orleans.Providers.IProvider.	
[2016-09-01 01:21:31.673 GMT    12	INFO   	100000	AssemblyLoader.Client	]	User assembly ignored: D:\Documents\BitBucket\Vylon.Achievements\Orleans\Silo\bin\Debug\Microsoft.Extensions.DependencyInjection.dll
	* Assembly contains no types assignable from Orleans.Providers.IProvider.	
[2016-09-01 01:21:31.694 GMT    12	INFO   	100000	AssemblyLoader.Client	]	User assembly ignored: D:\Documents\BitBucket\Vylon.Achievements\Orleans\Silo\bin\Debug\Newtonsoft.Json.dll
	* Assembly contains no types assignable from Orleans.Providers.IProvider.	
[2016-09-01 01:21:31.696 GMT    12	INFO   	100000	AssemblyLoader.Client	]	User assembly ignored: D:\Documents\BitBucket\Vylon.Achievements\Orleans\Silo\bin\Debug\Orleans.dll
	* Assembly filename is excluded.	
[2016-09-01 01:21:31.699 GMT    12	INFO   	100000	AssemblyLoader.Client	]	User assembly ignored: D:\Documents\BitBucket\Vylon.Achievements\Orleans\Silo\bin\Debug\OrleansCodeGenerator.dll
	* Assembly contains no types assignable from Orleans.Providers.IProvider.	
[2016-09-01 01:21:31.701 GMT    12	INFO   	100000	AssemblyLoader.Client	]	User assembly ignored: D:\Documents\BitBucket\Vylon.Achievements\Orleans\Silo\bin\Debug\OrleansDependencyInjection.dll
	* Assembly contains no types assignable from Orleans.Providers.IProvider.	
[2016-09-01 01:21:31.705 GMT    12	INFO   	100000	AssemblyLoader.Client	]	User assembly ignored: D:\Documents\BitBucket\Vylon.Achievements\Orleans\Silo\bin\Debug\OrleansRuntime.dll
	* Assembly filename is excluded.	
[2016-09-01 01:21:31.720 GMT    12	INFO   	100000	AssemblyLoader.Client	]	User assembly ignored: D:\Documents\BitBucket\Vylon.Achievements\Orleans\Silo\bin\Debug\System.Collections.Immutable.dll
	* Assembly contains no types assignable from Orleans.Providers.IProvider.	
[2016-09-01 01:21:31.738 GMT    12	INFO   	100000	AssemblyLoader.Client	]	User assembly ignored: D:\Documents\BitBucket\Vylon.Achievements\Orleans\Silo\bin\Debug\System.Reflection.Metadata.dll
	* Assembly contains no types assignable from Orleans.Providers.IProvider.	
[2016-09-01 01:21:31.742 GMT    12	INFO   	100000	AssemblyLoader.Client	]	User assembly ignored: D:\Documents\BitBucket\Vylon.Achievements\Orleans\Silo\bin\Debug\Vylon.Achievement.Grains.dll
	* Assembly contains no types assignable from Orleans.Providers.IProvider.	
[2016-09-01 01:21:31.745 GMT    12	INFO   	100000	AssemblyLoader.Client	]	User assembly ignored: D:\Documents\BitBucket\Vylon.Achievements\Orleans\Silo\bin\Debug\Vylon.Achievement.Interfaces.dll
	* Assembly contains no types assignable from Orleans.Providers.IProvider.	
[2016-09-01 01:21:31.747 GMT    12	INFO   	100000	AssemblyLoader.Client	]	Loading assembly D:\Documents\BitBucket\Vylon.Achievements\Orleans\Silo\bin\Debug\OrleansProviders.dll...	
[2016-09-01 01:21:31.759 GMT    12	INFO   	100000	AssemblyLoader.Client	]	1 assemblies loaded.	
[2016-09-01 01:21:31.803 GMT    12	INFO   	100313	OutsideRuntimeClient	]	---------- Initializing OutsideRuntimeClient on Desktop at 192.168.1.101 Client Id = *cli/4252519e ----------	
[2016-09-01 01:21:31.824 GMT    12	INFO   	100314	OutsideRuntimeClient	]	---------- Starting OutsideRuntimeClient with runtime Version='1.2.3.0 (Release).' in AppDomain=<AppDomain.Id=1, AppDomain.FriendlyName=Vylon.Achievement.Silo.vshost.exe> Config= 
 Platform version info:
   .NET version: 4.0.30319.42000
   Is .NET 4.5=True
   OS version: Microsoft Windows NT 6.2.9200.0
   GC Type=Server GCLatencyMode=Batch
   Host: Desktop
   Processor Count: 6
Client Configuration:
   Config File Name: 
   Start time: 2016-09-01 01:21:31.812 GMT
   Gateway Provider: Config
   Gateways[1]:
      127.0.0.1:40000
   Preferred Gateway Index: -1
   GatewayListRefreshPeriod: 00:01:00
   Azure:
      DeploymentId: Andre
      DataConnectionString: null
   Preferred Address Family: InterNetwork
   DNS Host Name: Desktop
   Client Name: Client
   Tracing: 
     Default Trace Level: Info
     TraceLevelOverrides: None
     Trace to Console: True
     Trace File Name: D:\Documents\BitBucket\Vylon.Achievements\Orleans\Silo\bin\Debug\Client-2016-09-01-01.21.29.971Z.log
     LargeMessageWarningThreshold: 85000
     PropagateActivityId: False
     BulkMessageLimit: 5
   Statistics: 
     MetricsTableWriteInterval: 00:00:30
     PerfCounterWriteInterval: -00:00:00.0010000
     LogWriteInterval: 00:05:00
     WriteLogStatisticsToTable: True
     StatisticsCollectionLevel: Info
   Messaging:
       Response timeout: 00:30:00
       Maximum resend count: 0
       Resend On Timeout: False
       Maximum Socket Age: 10675199.02:48:05.4775807
       Drop Expired Messages: True
       Client Sender Buckets: 8192
       Use standard (.NET) serializer: False   [NOTE: This *MUST* match the setting on the server or nothing will work!]
       Use fallback json serializer: False   [NOTE: This *MUST* match the setting on the server or nothing will work!]
       Buffer Pool Buffer Size: 4096
       Buffer Pool Max Size: 10000
       Buffer Pool Preallocation Size: 250
       Use Message Batching: False
       Max Message Batching Size: 10
   Providers:
       No providers configured.
	
[2016-09-01 01:21:31.874 GMT    12	INFO   	101309	Messaging.GatewayManager	]	Found 1 knownGateways from Gateway listProvider [gwy.tcp://127.0.0.1:40000/0]	
[2016-09-01 01:21:33.174 GMT    12	WARNING	100178	Messaging.GatewayConnection/GatewayClientSender_gwy.tcp://127.0.0.1:40000/0	192.168.1.101:0]	Unable to connect to gateway at address gwy.tcp://127.0.0.1:40000/0 on trial 0.	
[2016-09-01 01:21:42.338 GMT    12	WARNING	100913	Messaging.GatewayConnection/GatewayClientSender_gwy.tcp://127.0.0.1:40000/0	192.168.1.101:0]	Marking gateway at address gwy.tcp://127.0.0.1:40000/0 as Disconnected	
[2016-09-01 01:21:43.347 GMT    12	WARNING	100178	Messaging.GatewayConnection/GatewayClientSender_gwy.tcp://127.0.0.1:40000/0	192.168.1.101:0]	Unable to connect to gateway at address gwy.tcp://127.0.0.1:40000/0 on trial 1.	
[2016-09-01 01:21:43.351 GMT    12	WARNING	100913	Messaging.GatewayConnection/GatewayClientSender_gwy.tcp://127.0.0.1:40000/0	192.168.1.101:0]	Marking gateway at address gwy.tcp://127.0.0.1:40000/0 as Disconnected	
[2016-09-01 01:21:43.355 GMT    12	WARNING	100912	Messaging.GatewayConnection/GatewayClientSender_gwy.tcp://127.0.0.1:40000/0	192.168.1.101:0]	Marking gateway at address gwy.tcp://127.0.0.1:40000/0 as Dead in my client local gateway list.	
[2016-09-01 01:21:43.380 GMT    12	WARNING	100157	CallbackData	192.168.1.101:0]	The target silo became unavailable for message: Request *cli/4252519e@721bcbb9->S127.0.0.1:40000:0TypeManagerId@S00000011 #2: global::Orleans.Runtime.ITypeManager:GetTypeCodeMap(). Target History is: <S127.0.0.1:40000:0:TypeManagerId:@S00000011>. See https://aka.ms/orleans-troubleshooting for troubleshooting help. About to break its promise.	
[2016-09-01 01:21:43.394 GMT    13	WARNING	100011	OutsideRuntimeClient	192.168.1.101:0]	No callback for response message: Unrecoverable Rejection (info: Target silo S127.0.0.1:40000:0 is unavailable) Response S127.0.0.1:40000:0TypeManagerId@S00000011->*cli/4252519e@721bcbb9 #2: global::Orleans.Runtime.ITypeManager:GetTypeCodeMap()	
[2016-09-01 01:21:43.407 GMT    12	INFO   	100000	OutsideRuntimeClient	192.168.1.101:0]	OutsideRuntimeClient.Reset(): client Id *cli/4252519e	
[2016-09-01 01:21:43.449 GMT    12	INFO   	100704	ClientLogStatistics	192.168.1.101:0]	Statistics: ^^^
App.Requests.Latency.Average.Millis=11226.000
App.Requests.LatencyHistogram.Millis=[6710.8864:13421.7727]=1, 
App.Requests.TimedOut.Current=0
App.Requests.Total.Requests.Current=1
Client.ConnectedGatewayCount=0
Messaging.Expired.AtDispatch.Current=0
Messaging.Expired.AtInvoke.Current=0
Messaging.Expired.AtReceive.Current=0
Messaging.Expired.AtRespond.Current=0
Messaging.Expired.AtSend.Current=0
Messaging.Received.BatchSize.PerSocketDirection.ClientToGateway=0.000
Messaging.Received.BatchSizeBytesHistogram.Bytes.PerSocketDirection.ClientToGateway=
Messaging.Received.Bytes.Header.Current=0
Messaging.Received.Bytes.Total.Current=0
Messaging.Received.Direction.OneWay.Current=0
Messaging.Received.Direction.Request.Current=0
Messaging.Received.Direction.Response.Current=0
Messaging.Received.Messages.Total.Current=0
Messaging.Received.MessageSizeHistogram.Bytes=
Messaging.Rejected.Request.Current=1
Messaging.Rerouted.OneWay.Current=0
Messaging.Rerouted.Request.Current=0
Messaging.Rerouted.Response.Current=0
Messaging.Sent.BatchSize.PerSocketDirection.ClientToGateway=0.000
Messaging.Sent.BatchSizeBytesHistogram.Bytes.PerSocketDirection.ClientToGateway=
Messaging.Sent.Bytes.Header.Current=0
Messaging.Sent.Bytes.Total.Current=0
Messaging.Sent.Direction.OneWay.Current=0
Messaging.Sent.Direction.Request.Current=0
Messaging.Sent.Direction.Response.Current=0
Messaging.Sent.Messages.Total.Current=0
Messaging.Sent.MessageSizeHistogram.Bytes=
Networking.Sockets.ClientToGateway.Duplex.Closed.Current=2
Networking.Sockets.ClientToGateway.Duplex.Opened.Current=0
Runtime.CpuUsage=8.667
Runtime.DOT.NET.ThreadPool.InUse.CompletionPortThreads=0
Runtime.DOT.NET.ThreadPool.InUse.WorkerThreads=1
Runtime.GC.AllocatedBytesInKbPerSec=0.000
Runtime.GC.GenCollectonCount=gen0=5, gen1=3, gen2=2
Runtime.GC.GenSizesKb=gen0=44311.73, gen1=1423.22, gen2=4942.95
Runtime.GC.LargeObjectHeapSizeKb=496.939
Runtime.GC.NumberOfInducedGCs=2.000
Runtime.GC.PercentOfTimeInGC=0.452
Runtime.GC.PromotedFinalizationMemoryFromGen0Kb=0.438
Runtime.GC.PromotedMemoryFromGen1Kb=0.000
Runtime.GC.TotalMemoryKb=35692
Runtime.Memory.AvailableMemoryMb=3542
Runtime.Memory.TotalPhysicalMemoryMb=8192
Serialization.BufferPool.AllocatedBuffers.Current=250
Serialization.BufferPool.BuffersInPool=218
Serialization.BufferPool.CheckedInBuffers.Current=250
Serialization.BufferPool.CheckedOutBuffers.Current=282
Serialization.BufferPool.DroppedBuffers.Current=0
Serialization.BufferPool.DroppedTooLargeBuffers.Current=0
Serialization.BufferPool.InUse.AllocatedAndNotInPool_Buffers=32
Serialization.BufferPool.InUse.CheckedOutAndNotCheckedIn_Buffers=32
	
[2016-09-01 01:21:43.462 GMT    12	INFO   	100000	OutsideRuntimeClient	192.168.1.101:0]	OutsideRuntimeClient.ConstructorReset(): client Id *cli/4252519e	
