[2016-08-26 22:09:12.853 GMT     5	INFO   	100000	AssemblyLoader.Client	]	Recursively searching for assemblies in D:\Documents\BitBucket\Vylon.Achievements\Orleans\HelloWorld\bin\Debug...	
[2016-08-26 22:09:12.872 GMT     5	INFO   	100000	AssemblyLoader.Client	]	User assembly ignored: D:\Documents\BitBucket\Vylon.Achievements\Orleans\HelloWorld\bin\Debug\HelloWorld.Grains.dll
	* Assembly contains no types assignable from Orleans.Providers.IProvider.	
[2016-08-26 22:09:12.873 GMT     5	INFO   	100000	AssemblyLoader.Client	]	User assembly ignored: D:\Documents\BitBucket\Vylon.Achievements\Orleans\HelloWorld\bin\Debug\HelloWorld.Interfaces.dll
	* Assembly contains no types assignable from Orleans.Providers.IProvider.	
[2016-08-26 22:09:13.115 GMT     5	INFO   	100000	AssemblyLoader.Client	]	User assembly ignored: D:\Documents\BitBucket\Vylon.Achievements\Orleans\HelloWorld\bin\Debug\Microsoft.CodeAnalysis.CSharp.dll
	* Assembly contains no types assignable from Orleans.Providers.IProvider.	
[2016-08-26 22:09:13.216 GMT     5	INFO   	100000	AssemblyLoader.Client	]	User assembly ignored: D:\Documents\BitBucket\Vylon.Achievements\Orleans\HelloWorld\bin\Debug\Microsoft.CodeAnalysis.dll
	* Assembly contains no types assignable from Orleans.Providers.IProvider.	
[2016-08-26 22:09:13.218 GMT     5	INFO   	100000	AssemblyLoader.Client	]	User assembly ignored: D:\Documents\BitBucket\Vylon.Achievements\Orleans\HelloWorld\bin\Debug\Microsoft.Extensions.DependencyInjection.Abstractions.dll
	* Assembly contains no types assignable from Orleans.Providers.IProvider.	
[2016-08-26 22:09:13.220 GMT     5	INFO   	100000	AssemblyLoader.Client	]	User assembly ignored: D:\Documents\BitBucket\Vylon.Achievements\Orleans\HelloWorld\bin\Debug\Microsoft.Extensions.DependencyInjection.dll
	* Assembly contains no types assignable from Orleans.Providers.IProvider.	
[2016-08-26 22:09:13.240 GMT     5	INFO   	100000	AssemblyLoader.Client	]	User assembly ignored: D:\Documents\BitBucket\Vylon.Achievements\Orleans\HelloWorld\bin\Debug\Newtonsoft.Json.dll
	* Assembly contains no types assignable from Orleans.Providers.IProvider.	
[2016-08-26 22:09:13.242 GMT     5	INFO   	100000	AssemblyLoader.Client	]	User assembly ignored: D:\Documents\BitBucket\Vylon.Achievements\Orleans\HelloWorld\bin\Debug\Orleans.dll
	* Assembly filename is excluded.	
[2016-08-26 22:09:13.243 GMT     5	INFO   	100000	AssemblyLoader.Client	]	User assembly ignored: D:\Documents\BitBucket\Vylon.Achievements\Orleans\HelloWorld\bin\Debug\OrleansCodeGenerator.dll
	* Assembly contains no types assignable from Orleans.Providers.IProvider.	
[2016-08-26 22:09:13.245 GMT     5	INFO   	100000	AssemblyLoader.Client	]	User assembly ignored: D:\Documents\BitBucket\Vylon.Achievements\Orleans\HelloWorld\bin\Debug\OrleansDependencyInjection.dll
	* Assembly contains no types assignable from Orleans.Providers.IProvider.	
[2016-08-26 22:09:13.249 GMT     5	INFO   	100000	AssemblyLoader.Client	]	User assembly ignored: D:\Documents\BitBucket\Vylon.Achievements\Orleans\HelloWorld\bin\Debug\OrleansRuntime.dll
	* Assembly filename is excluded.	
[2016-08-26 22:09:13.262 GMT     5	INFO   	100000	AssemblyLoader.Client	]	User assembly ignored: D:\Documents\BitBucket\Vylon.Achievements\Orleans\HelloWorld\bin\Debug\System.Collections.Immutable.dll
	* Assembly contains no types assignable from Orleans.Providers.IProvider.	
[2016-08-26 22:09:13.280 GMT     5	INFO   	100000	AssemblyLoader.Client	]	User assembly ignored: D:\Documents\BitBucket\Vylon.Achievements\Orleans\HelloWorld\bin\Debug\System.Reflection.Metadata.dll
	* Assembly contains no types assignable from Orleans.Providers.IProvider.	
[2016-08-26 22:09:13.282 GMT     5	INFO   	100000	AssemblyLoader.Client	]	Loading assembly D:\Documents\BitBucket\Vylon.Achievements\Orleans\HelloWorld\bin\Debug\OrleansProviders.dll...	
[2016-08-26 22:09:13.294 GMT     5	INFO   	100000	AssemblyLoader.Client	]	1 assemblies loaded.	
[2016-08-26 22:09:13.339 GMT     5	INFO   	100313	OutsideRuntimeClient	]	---------- Initializing OutsideRuntimeClient on Desktop at 192.168.1.101 Client Id = *cli/e9ff3d9e ----------	
[2016-08-26 22:09:13.357 GMT     5	INFO   	100314	OutsideRuntimeClient	]	---------- Starting OutsideRuntimeClient with runtime Version='1.2.3.0 (Release).' in AppDomain=<AppDomain.Id=1, AppDomain.FriendlyName=HelloWorld.exe> Config= 
 Platform version info:
   .NET version: 4.0.30319.42000
   Is .NET 4.5=True
   OS version: Microsoft Windows NT 6.2.9200.0
   GC Type=Server GCLatencyMode=Batch
   Host: Desktop
   Processor Count: 6
Client Configuration:
   Config File Name: 
   Start time: 2016-08-26 22:09:13.346 GMT
   Gateway Provider: Config
   Gateways[1]:
      127.0.0.1:40000
   Preferred Gateway Index: -1
   GatewayListRefreshPeriod: 00:01:00
   Azure:
      DeploymentId: Andre
      DataConnectionString: null
   Preferred Address Family: InterNetwork
   DNS Host Name: Desktop
   Client Name: Client
   Tracing: 
     Default Trace Level: Info
     TraceLevelOverrides: None
     Trace to Console: True
     Trace File Name: D:\Documents\BitBucket\Vylon.Achievements\Orleans\HelloWorld\bin\Debug\Client-2016-08-26-22.09.11.564Z.log
     LargeMessageWarningThreshold: 85000
     PropagateActivityId: False
     BulkMessageLimit: 5
   Statistics: 
     MetricsTableWriteInterval: 00:00:30
     PerfCounterWriteInterval: -00:00:00.0010000
     LogWriteInterval: 00:05:00
     WriteLogStatisticsToTable: True
     StatisticsCollectionLevel: Info
   Messaging:
       Response timeout: 00:00:30
       Maximum resend count: 0
       Resend On Timeout: False
       Maximum Socket Age: 10675199.02:48:05.4775807
       Drop Expired Messages: True
       Client Sender Buckets: 8192
       Use standard (.NET) serializer: False   [NOTE: This *MUST* match the setting on the server or nothing will work!]
       Use fallback json serializer: False   [NOTE: This *MUST* match the setting on the server or nothing will work!]
       Buffer Pool Buffer Size: 4096
       Buffer Pool Max Size: 10000
       Buffer Pool Preallocation Size: 250
       Use Message Batching: False
       Max Message Batching Size: 10
   Providers:
       No providers configured.
	
[2016-08-26 22:09:13.403 GMT     5	INFO   	101309	Messaging.GatewayManager	]	Found 1 knownGateways from Gateway listProvider [gwy.tcp://127.0.0.1:40000/0]	
[2016-08-26 22:09:13.690 GMT     5	INFO   	100908	Messaging.GatewayConnection/GatewayClientSender_gwy.tcp://127.0.0.1:40000/0	192.168.1.101:0]	Connected to gateway at address gwy.tcp://127.0.0.1:40000/0 on trial 0.	
[2016-08-26 22:09:13.694 GMT    28	INFO   	100000	Messaging.GatewayClientReceiver/gwy.tcp://127.0.0.1:40000/0	192.168.1.101:0]	Starting AsyncAgent Messaging.GatewayClientReceiver/gwy.tcp://127.0.0.1:40000/0 on managed thread 28	
[2016-08-26 22:09:13.694 GMT    27	INFO   	100000	Messaging.GatewayConnection/GatewayClientSender_gwy.tcp://127.0.0.1:40000/0	192.168.1.101:0]	Starting AsyncAgent Messaging.GatewayConnection/GatewayClientSender_gwy.tcp://127.0.0.1:40000/0 on managed thread 27	
[2016-08-26 22:09:13.833 GMT     5	INFO   	100929	OutsideRuntimeClient	192.168.1.101:0]	---------- Started OutsideRuntimeClient with Global Client ID: C192.168.1.101:0:-209945353*cli/e9ff3d9e@80c40e8d, client GUID ID: *cli/e9ff3d9e	
